0 info it worked if it ends with ok
1 verbose cli [ '/usr/bin/nodejs',
1 verbose cli   '/usr/bin/npm',
1 verbose cli   'install',
1 verbose cli   '--save-dev',
1 verbose cli   'babel-jest',
1 verbose cli   'regenerator-runtime' ]
2 info using npm@1.3.10
3 info using node@v0.10.25
4 verbose readDependencies using package.json deps
5 verbose cache add [ 'babel-jest', null ]
6 verbose cache add name=undefined spec="babel-jest" args=["babel-jest",null]
7 verbose parsed url { protocol: null,
7 verbose parsed url   slashes: null,
7 verbose parsed url   auth: null,
7 verbose parsed url   host: null,
7 verbose parsed url   port: null,
7 verbose parsed url   hostname: null,
7 verbose parsed url   hash: null,
7 verbose parsed url   search: null,
7 verbose parsed url   query: null,
7 verbose parsed url   pathname: 'babel-jest',
7 verbose parsed url   path: 'babel-jest',
7 verbose parsed url   href: 'babel-jest' }
8 verbose cache add [ 'regenerator-runtime', null ]
9 verbose cache add name=undefined spec="regenerator-runtime" args=["regenerator-runtime",null]
10 verbose parsed url { protocol: null,
10 verbose parsed url   slashes: null,
10 verbose parsed url   auth: null,
10 verbose parsed url   host: null,
10 verbose parsed url   port: null,
10 verbose parsed url   hostname: null,
10 verbose parsed url   hash: null,
10 verbose parsed url   search: null,
10 verbose parsed url   query: null,
10 verbose parsed url   pathname: 'regenerator-runtime',
10 verbose parsed url   path: 'regenerator-runtime',
10 verbose parsed url   href: 'regenerator-runtime' }
11 silly lockFile cd76b0ce-babel-jest babel-jest
12 verbose lock babel-jest /root/.npm/cd76b0ce-babel-jest.lock
13 silly lockFile 129b2c21-regenerator-runtime regenerator-runtime
14 verbose lock regenerator-runtime /root/.npm/129b2c21-regenerator-runtime.lock
15 silly lockFile cd76b0ce-babel-jest babel-jest
16 silly lockFile cd76b0ce-babel-jest babel-jest
17 silly lockFile 129b2c21-regenerator-runtime regenerator-runtime
18 silly lockFile 129b2c21-regenerator-runtime regenerator-runtime
19 verbose addNamed [ 'babel-jest', '' ]
20 verbose addNamed [ null, '*' ]
21 silly lockFile 5a59d52e-babel-jest babel-jest@
22 verbose lock babel-jest@ /root/.npm/5a59d52e-babel-jest.lock
23 verbose addNamed [ 'regenerator-runtime', '' ]
24 verbose addNamed [ null, '*' ]
25 silly lockFile a6889ae9-regenerator-runtime regenerator-runtime@
26 verbose lock regenerator-runtime@ /root/.npm/a6889ae9-regenerator-runtime.lock
27 silly addNameRange { name: 'babel-jest', range: '*', hasData: false }
28 silly addNameRange { name: 'regenerator-runtime', range: '*', hasData: false }
29 verbose url raw babel-jest
30 verbose url resolving [ 'https://registry.npmjs.org/', './babel-jest' ]
31 verbose url resolved https://registry.npmjs.org/babel-jest
32 info trying registry request attempt 1 at 12:41:48
33 http GET https://registry.npmjs.org/babel-jest
34 verbose url raw regenerator-runtime
35 verbose url resolving [ 'https://registry.npmjs.org/', './regenerator-runtime' ]
36 verbose url resolved https://registry.npmjs.org/regenerator-runtime
37 info trying registry request attempt 1 at 12:41:48
38 http GET https://registry.npmjs.org/regenerator-runtime
39 http 200 https://registry.npmjs.org/regenerator-runtime
40 silly registry.get cb [ 200,
40 silly registry.get   { date: 'Wed, 26 Jun 2024 12:41:50 GMT',
40 silly registry.get     'content-type': 'application/json',
40 silly registry.get     'content-length': '59671',
40 silly registry.get     connection: 'keep-alive',
40 silly registry.get     'cf-ray': '899d46192f776eea-CDG',
40 silly registry.get     'cf-cache-status': 'HIT',
40 silly registry.get     'accept-ranges': 'bytes',
40 silly registry.get     'access-control-allow-origin': '*',
40 silly registry.get     age: '282',
40 silly registry.get     'cache-control': 'public, max-age=300',
40 silly registry.get     etag: '"61cb9feaa496f836e6b086e35ef22908"',
40 silly registry.get     'last-modified': 'Fri, 15 Dec 2023 20:53:02 GMT',
40 silly registry.get     vary: 'accept-encoding, accept',
40 silly registry.get     server: 'cloudflare' } ]
41 silly addNameRange number 2 { name: 'regenerator-runtime', range: '*', hasData: true }
42 silly addNameRange versions [ 'regenerator-runtime',
42 silly addNameRange   [ '0.9.0',
42 silly addNameRange     '0.9.1',
42 silly addNameRange     '0.9.2',
42 silly addNameRange     '0.9.3',
42 silly addNameRange     '0.9.4',
42 silly addNameRange     '0.9.5',
42 silly addNameRange     '0.9.6',
42 silly addNameRange     '0.10.0',
42 silly addNameRange     '0.10.1',
42 silly addNameRange     '0.10.2',
42 silly addNameRange     '0.10.3',
42 silly addNameRange     '0.10.4',
42 silly addNameRange     '0.10.5',
42 silly addNameRange     '0.11.0',
42 silly addNameRange     '0.11.1',
42 silly addNameRange     '0.12.0',
42 silly addNameRange     '0.12.1',
42 silly addNameRange     '0.13.0',
42 silly addNameRange     '0.13.1',
42 silly addNameRange     '0.13.2',
42 silly addNameRange     '0.13.3',
42 silly addNameRange     '0.13.4',
42 silly addNameRange     '0.13.5',
42 silly addNameRange     '0.13.6',
42 silly addNameRange     '0.13.7',
42 silly addNameRange     '0.13.8',
42 silly addNameRange     '0.13.9',
42 silly addNameRange     '0.13.10',
42 silly addNameRange     '0.13.11',
42 silly addNameRange     '0.14.0',
42 silly addNameRange     '0.14.1' ] ]
43 verbose addNamed [ 'regenerator-runtime', '0.14.1' ]
44 verbose addNamed [ '0.14.1', '0.14.1' ]
45 silly lockFile 2c4673b5-regenerator-runtime-0-14-1 regenerator-runtime@0.14.1
46 verbose lock regenerator-runtime@0.14.1 /root/.npm/2c4673b5-regenerator-runtime-0-14-1.lock
47 silly lockFile bf193655-e-regenerator-runtime-0-14-1-tgz https://registry.npmjs.org/regenerator-runtime/-/regenerator-runtime-0.14.1.tgz
48 verbose lock https://registry.npmjs.org/regenerator-runtime/-/regenerator-runtime-0.14.1.tgz /root/.npm/bf193655-e-regenerator-runtime-0-14-1-tgz.lock
49 verbose addRemoteTarball [ 'https://registry.npmjs.org/regenerator-runtime/-/regenerator-runtime-0.14.1.tgz',
49 verbose addRemoteTarball   '356ade10263f685dda125100cd862c1db895327f' ]
50 info retry fetch attempt 1 at 12:41:50
51 verbose fetch to= /root/tmp/npm-9968-sPeBt_Cq/1719405710391-0.4846158493310213/tmp.tgz
52 http GET https://registry.npmjs.org/regenerator-runtime/-/regenerator-runtime-0.14.1.tgz
53 http 200 https://registry.npmjs.org/babel-jest
54 silly registry.get cb [ 200,
54 silly registry.get   { date: 'Wed, 26 Jun 2024 12:41:50 GMT',
54 silly registry.get     'content-type': 'application/json',
54 silly registry.get     'content-length': '710572',
54 silly registry.get     connection: 'keep-alive',
54 silly registry.get     'cf-ray': '899d46193cbad4fe-CDG',
54 silly registry.get     'cf-cache-status': 'HIT',
54 silly registry.get     'accept-ranges': 'bytes',
54 silly registry.get     'access-control-allow-origin': '*',
54 silly registry.get     age: '217',
54 silly registry.get     'cache-control': 'public, max-age=300',
54 silly registry.get     etag: '"7a596b95cc1eb754d4809b2d3b251506"',
54 silly registry.get     'last-modified': 'Thu, 30 May 2024 12:44:19 GMT',
54 silly registry.get     vary: 'accept-encoding, accept',
54 silly registry.get     server: 'cloudflare' } ]
55 silly addNameRange number 2 { name: 'babel-jest', range: '*', hasData: true }
56 silly addNameRange versions [ 'babel-jest',
56 silly addNameRange   [ '4.0.0',
56 silly addNameRange     '5.0.0',
56 silly addNameRange     '5.0.1',
56 silly addNameRange     '5.2.0',
56 silly addNameRange     '5.2.1',
56 silly addNameRange     '5.3.0',
56 silly addNameRange     '6.0.0',
56 silly addNameRange     '6.0.1',
56 silly addNameRange     '9.0.0',
56 silly addNameRange     '9.0.1',
56 silly addNameRange     '9.0.2',
56 silly addNameRange     '9.0.3',
56 silly addNameRange     '10.0.1',
56 silly addNameRange     '10.0.2',
56 silly addNameRange     '11.0.0',
56 silly addNameRange     '11.0.1',
56 silly addNameRange     '11.0.2',
56 silly addNameRange     '12.0.0',
56 silly addNameRange     '12.0.1',
56 silly addNameRange     '12.0.2',
56 silly addNameRange     '12.1.0',
56 silly addNameRange     '12.1.1-alpha.2935e14d',
56 silly addNameRange     '12.1.2-alpha.a482b15c',
56 silly addNameRange     '12.1.2-alpha.6230044c',
56 silly addNameRange     '12.1.3-alpha.6230044c',
56 silly addNameRange     '12.1.4-alpha.a737c6e5',
56 silly addNameRange     '12.1.5-alpha.b5322422',
56 silly addNameRange     '13.0.0',
56 silly addNameRange     '13.2.1',
56 silly addNameRange     '13.2.2',
56 silly addNameRange     '13.3.0-alpha.a44f195f',
56 silly addNameRange     '13.3.0-alpha.4eb0c908',
56 silly addNameRange     '13.2.3-alpha.ffc7404b',
56 silly addNameRange     '13.3.0-alpha.ffc7404b',
56 silly addNameRange     '13.3.0-alpha.8b48d59e',
56 silly addNameRange     '13.3.0-alpha.g8b48d59',
56 silly addNameRange     '13.4.0-alpha.d2632006',
56 silly addNameRange     '14.0.0',
56 silly addNameRange     '14.0.1',
56 silly addNameRange     '14.0.2',
56 silly addNameRange     '14.1.0',
56 silly addNameRange     '14.2.0-alpha.ca8bfb6e',
56 silly addNameRange     '14.2.1-alpha.e21d71a4',
56 silly addNameRange     '14.2.2-alpha.22bd3c33',
56 silly addNameRange     '14.3.0-alpha.d13c163e',
56 silly addNameRange     '14.3.1-alpha.410cb91a',
56 silly addNameRange     '14.3.2-alpha.83c25417',
56 silly addNameRange     '15.0.0',
56 silly addNameRange     '15.2.0-alpha.c681f819',
56 silly addNameRange     '16.0.0',
56 silly addNameRange     '16.1.0-alpha.691b0e22',
56 silly addNameRange     '17.0.0',
56 silly addNameRange     '17.0.2',
56 silly addNameRange     '18.0.0',
56 silly addNameRange     '18.5.0-alpha.7da3df39',
56 silly addNameRange     '19.0.0',
56 silly addNameRange     '19.1.0-alpha.eed82034',
56 silly addNameRange     '19.2.0-alpha.993e64af',
56 silly addNameRange     '19.3.0-alpha.85402254',
56 silly addNameRange     '20.0.0',
56 silly addNameRange     '20.0.1',
56 silly addNameRange     '20.0.2',
56 silly addNameRange     '20.0.3',
56 silly addNameRange     '20.1.0-alpha.1',
56 silly addNameRange     '20.1.0-alpha.2',
56 silly addNameRange     '20.1.0-alpha.3',
56 silly addNameRange     '20.1.0-beta.1',
56 silly addNameRange     '20.1.0-chi.1',
56 silly addNameRange     '20.1.0-delta.1',
56 silly addNameRange     '20.1.0-delta.2',
56 silly addNameRange     '20.1.0-delta.3',
56 silly addNameRange     '20.1.0-delta.4',
56 silly addNameRange     '20.1.0-delta.5',
56 silly addNameRange     '20.1.0-echo.1',
56 silly addNameRange     '21.0.0-alpha.1',
56 silly addNameRange     '21.0.0-alpha.2',
56 silly addNameRange     '21.0.0-beta.1',
56 silly addNameRange     '21.0.0',
56 silly addNameRange     '21.0.2',
56 silly addNameRange     '21.2.0',
56 silly addNameRange     '21.3.0-alpha.1e3ee68e',
56 silly addNameRange     '21.3.0-alpha.eff7a1cf',
56 silly addNameRange     '21.3.0-beta.1',
56 silly addNameRange     '21.3.0-beta.2',
56 silly addNameRange     '21.3.0-beta.3',
56 silly addNameRange     '21.3.0-beta.4',
56 silly addNameRange     '21.3.0-beta.5',
56 silly addNameRange     '21.3.0-beta.6',
56 silly addNameRange     '21.3.0-beta.7',
56 silly addNameRange     '21.3.0-beta.8',
56 silly addNameRange     '21.3.0-beta.9',
56 silly addNameRange     '21.3.0-beta.10',
56 silly addNameRange     '21.3.0-beta.11',
56 silly addNameRange     '21.3.0-beta.12',
56 silly addNameRange     '21.3.0-beta.13',
56 silly addNameRange     '21.3.0-beta.14',
56 silly addNameRange     '21.3.0-beta.15',
56 silly addNameRange     '22.0.0',
56 silly addNameRange     '22.0.1',
56 silly addNameRange     '22.0.2',
56 silly addNameRange     '22.0.3',
56 silly addNameRange     '22.0.4',
56 silly addNameRange     '22.0.6',
56 silly addNameRange     '22.1.0',
56 silly addNameRange     '22.2.0',
56 silly addNameRange     '22.2.2',
56 silly addNameRange     '22.4.0',
56 silly addNameRange     '22.4.1',
56 silly addNameRange     '23.0.0-alpha.0',
56 silly addNameRange     '23.0.0-alpha.1',
56 silly addNameRange     '22.4.3',
56 silly addNameRange     '23.0.0-alpha.2',
56 silly addNameRange     '23.0.0-alpha.4',
56 silly addNameRange     '23.0.0-alpha.5',
56 silly addNameRange     '23.0.0-alpha.5r',
56 silly addNameRange     '23.0.0-alpha.6r',
56 silly addNameRange     '23.0.0-alpha.7',
56 silly addNameRange     '23.0.0-beta.0',
56 silly addNameRange     '23.0.0-beta.1',
56 silly addNameRange     '23.0.0-beta.2',
56 silly addNameRange     '23.0.0-alpha.3r',
56 silly addNameRange     '23.0.0-beta.3r',
56 silly addNameRange     '23.0.0-charlie.0',
56 silly addNameRange     '23.0.0-charlie.1',
56 silly addNameRange     '23.0.0-charlie.2',
56 silly addNameRange     '22.4.4',
56 silly addNameRange     '23.0.0-charlie.3',
56 silly addNameRange     '23.0.0-charlie.4',
56 silly addNameRange     '23.0.0',
56 silly addNameRange     '23.0.1',
56 silly addNameRange     '23.2.0',
56 silly addNameRange     '23.4.0',
56 silly addNameRange     '23.4.2',
56 silly addNameRange     '23.6.0',
56 silly addNameRange     '24.0.0-alpha.0',
56 silly addNameRange     '24.0.0-alpha.1',
56 silly addNameRange     '24.0.0-alpha.2',
56 silly addNameRange     '24.0.0-alpha.4',
56 silly addNameRange     '24.0.0-alpha.5',
56 silly addNameRange     '24.0.0-alpha.6',
56 silly addNameRange     '24.0.0-alpha.7',
56 silly addNameRange     '24.0.0-alpha.9',
56 silly addNameRange     '24.0.0-alpha.10',
56 silly addNameRange     '24.0.0-alpha.11',
56 silly addNameRange     '24.0.0-alpha.12',
56 silly addNameRange     '24.0.0-alpha.13',
56 silly addNameRange     '24.0.0-alpha.15',
56 silly addNameRange     '24.0.0-alpha.16',
56 silly addNameRange     '24.0.0',
56 silly addNameRange     '24.1.0',
56 silly addNameRange     '24.2.0-alpha.0',
56 silly addNameRange     '24.3.0',
56 silly addNameRange     '24.3.1',
56 silly addNameRange     '24.4.0',
56 silly addNameRange     '24.5.0',
56 silly addNameRange     '24.6.0',
56 silly addNameRange     '24.7.0',
56 silly addNameRange     '24.7.1',
56 silly addNameRange     '24.8.0',
56 silly addNameRange     '24.9.0',
56 silly addNameRange     '25.0.0',
56 silly addNameRange     '25.1.0',
56 silly addNameRange     '25.2.0-alpha.86',
56 silly addNameRange     '25.2.0',
56 silly addNameRange     '25.2.1-alpha.1',
56 silly addNameRange     '25.2.1-alpha.2',
56 silly addNameRange     '25.2.1',
56 silly addNameRange     '25.2.3',
56 silly addNameRange     '25.2.4',
56 silly addNameRange     '25.2.6',
56 silly addNameRange     '25.3.0',
56 silly addNameRange     '25.4.0',
56 silly addNameRange     '25.5.0',
56 silly addNameRange     '25.5.1',
56 silly addNameRange     '26.0.0-alpha.0',
56 silly addNameRange     '26.0.0-alpha.1',
56 silly addNameRange     '26.0.0-alpha.2',
56 silly addNameRange     '26.0.0',
56 silly addNameRange     '26.0.1-alpha.0',
56 silly addNameRange     '26.0.1',
56 silly addNameRange     '26.1.0',
56 silly addNameRange     '26.2.0',
56 silly addNameRange     '26.2.1',
56 silly addNameRange     '26.2.2',
56 silly addNameRange     '26.3.0',
56 silly addNameRange     '26.5.0',
56 silly addNameRange     '26.5.2',
56 silly addNameRange     '26.6.0',
56 silly addNameRange     '26.6.1',
56 silly addNameRange     '26.6.2',
56 silly addNameRange     '26.6.3',
56 silly addNameRange     '27.0.0-next.0',
56 silly addNameRange     '27.0.0-next.1',
56 silly addNameRange     '27.0.0-next.2',
56 silly addNameRange     '27.0.0-next.3',
56 silly addNameRange     '27.0.0-next.4',
56 silly addNameRange     '27.0.0-next.5',
56 silly addNameRange     '27.0.0-next.6',
56 silly addNameRange     '27.0.0-next.7',
56 silly addNameRange     '27.0.0-next.8',
56 silly addNameRange     '27.0.0-next.9',
56 silly addNameRange     '27.0.0-next.10',
56 silly addNameRange     '27.0.0-next.11',
56 silly addNameRange     '27.0.0',
56 silly addNameRange     '27.0.1',
56 silly addNameRange     '27.0.2',
56 silly addNameRange     '27.0.5',
56 silly addNameRange     '27.0.6',
56 silly addNameRange     '27.1.0',
56 silly addNameRange     '27.1.1',
56 silly addNameRange     '27.2.0',
56 silly addNameRange     '27.2.1',
56 silly addNameRange     '27.2.2',
56 silly addNameRange     '27.2.3',
56 silly addNameRange     '27.2.4',
56 silly addNameRange     '27.2.5',
56 silly addNameRange     '27.3.0',
56 silly addNameRange     '27.3.1',
56 silly addNameRange     '27.4.0',
56 silly addNameRange     '27.4.1',
56 silly addNameRange     '27.4.2',
56 silly addNameRange     '27.4.4',
56 silly addNameRange     '27.4.5',
56 silly addNameRange     '27.4.6',
56 silly addNameRange     '27.5.0',
56 silly addNameRange     '27.5.1',
56 silly addNameRange     '28.0.0-alpha.0',
56 silly addNameRange     '28.0.0-alpha.1',
56 silly addNameRange     '28.0.0-alpha.2',
56 silly addNameRange     '28.0.0-alpha.3',
56 silly addNameRange     '28.0.0-alpha.4',
56 silly addNameRange     '28.0.0-alpha.5',
56 silly addNameRange     '28.0.0-alpha.6',
56 silly addNameRange     '28.0.0-alpha.7',
56 silly addNameRange     '28.0.0-alpha.8',
56 silly addNameRange     '28.0.0-alpha.9',
56 silly addNameRange     '28.0.0-alpha.10',
56 silly addNameRange     '28.0.0-alpha.11',
56 silly addNameRange     '28.0.0',
56 silly addNameRange     '28.0.1',
56 silly addNameRange     '28.0.2',
56 silly addNameRange     '28.0.3',
56 silly addNameRange     '28.1.0',
56 silly addNameRange     '28.1.1',
56 silly addNameRange     '28.1.2',
56 silly addNameRange     '28.1.3',
56 silly addNameRange     '29.0.0-alpha.0',
56 silly addNameRange     '29.0.0-alpha.1',
56 silly addNameRange     '29.0.0-alpha.3',
56 silly addNameRange     '29.0.0-alpha.4',
56 silly addNameRange     '29.0.0-alpha.5',
56 silly addNameRange     '29.0.0-alpha.6',
56 silly addNameRange     '29.0.0',
56 silly addNameRange     '29.0.1',
56 silly addNameRange     '29.0.2',
56 silly addNameRange     '29.0.3',
56 silly addNameRange     '29.1.0',
56 silly addNameRange     '29.1.2',
56 silly addNameRange     '29.2.0',
56 silly addNameRange     '29.2.1',
56 silly addNameRange     '29.2.2',
56 silly addNameRange     '29.3.0',
56 silly addNameRange     '29.3.1',
56 silly addNameRange     '29.4.0',
56 silly addNameRange     '29.4.1',
56 silly addNameRange     '29.4.2',
56 silly addNameRange     '29.4.3',
56 silly addNameRange     '29.5.0',
56 silly addNameRange     '29.6.0',
56 silly addNameRange     '29.6.1',
56 silly addNameRange     '29.6.2',
56 silly addNameRange     '29.6.3',
56 silly addNameRange     '29.6.4',
56 silly addNameRange     '29.7.0',
56 silly addNameRange     '30.0.0-alpha.1',
56 silly addNameRange     '30.0.0-alpha.2',
56 silly addNameRange     '30.0.0-alpha.3',
56 silly addNameRange     '30.0.0-alpha.4',
56 silly addNameRange     '30.0.0-alpha.5' ] ]
57 verbose addNamed [ 'babel-jest', '29.7.0' ]
58 verbose addNamed [ '29.7.0', '29.7.0' ]
59 silly lockFile d097230a-babel-jest-29-7-0 babel-jest@29.7.0
60 verbose lock babel-jest@29.7.0 /root/.npm/d097230a-babel-jest-29-7-0.lock
61 silly lockFile 062cb09f-babel-jest-babel-jest-29-7-0-tgz https://registry.npmjs.org/babel-jest/-/babel-jest-29.7.0.tgz
62 verbose lock https://registry.npmjs.org/babel-jest/-/babel-jest-29.7.0.tgz /root/.npm/062cb09f-babel-jest-babel-jest-29-7-0-tgz.lock
63 verbose addRemoteTarball [ 'https://registry.npmjs.org/babel-jest/-/babel-jest-29.7.0.tgz',
63 verbose addRemoteTarball   'f4369919225b684c56085998ac63dbd05be020d5' ]
64 info retry fetch attempt 1 at 12:41:50
65 verbose fetch to= /root/tmp/npm-9968-sPeBt_Cq/1719405710457-0.21579943294636905/tmp.tgz
66 http GET https://registry.npmjs.org/babel-jest/-/babel-jest-29.7.0.tgz
67 http 200 https://registry.npmjs.org/babel-jest/-/babel-jest-29.7.0.tgz
68 http 200 https://registry.npmjs.org/regenerator-runtime/-/regenerator-runtime-0.14.1.tgz
69 verbose tar unpack /root/tmp/npm-9968-sPeBt_Cq/1719405710457-0.21579943294636905/tmp.tgz
70 silly lockFile 61d33a45-0457-0-21579943294636905-package tar:///root/tmp/npm-9968-sPeBt_Cq/1719405710457-0.21579943294636905/package
71 verbose lock tar:///root/tmp/npm-9968-sPeBt_Cq/1719405710457-0.21579943294636905/package /root/.npm/61d33a45-0457-0-21579943294636905-package.lock
72 silly lockFile ff7ea155-0457-0-21579943294636905-tmp-tgz tar:///root/tmp/npm-9968-sPeBt_Cq/1719405710457-0.21579943294636905/tmp.tgz
73 verbose lock tar:///root/tmp/npm-9968-sPeBt_Cq/1719405710457-0.21579943294636905/tmp.tgz /root/.npm/ff7ea155-0457-0-21579943294636905-tmp-tgz.lock
74 verbose tar unpack /root/tmp/npm-9968-sPeBt_Cq/1719405710391-0.4846158493310213/tmp.tgz
75 silly lockFile 3a7c56ae-10391-0-4846158493310213-package tar:///root/tmp/npm-9968-sPeBt_Cq/1719405710391-0.4846158493310213/package
76 verbose lock tar:///root/tmp/npm-9968-sPeBt_Cq/1719405710391-0.4846158493310213/package /root/.npm/3a7c56ae-10391-0-4846158493310213-package.lock
77 silly lockFile 12676f9f-10391-0-4846158493310213-tmp-tgz tar:///root/tmp/npm-9968-sPeBt_Cq/1719405710391-0.4846158493310213/tmp.tgz
78 verbose lock tar:///root/tmp/npm-9968-sPeBt_Cq/1719405710391-0.4846158493310213/tmp.tgz /root/.npm/12676f9f-10391-0-4846158493310213-tmp-tgz.lock
79 silly gunzTarPerm modes [ '755', '644' ]
80 silly gunzTarPerm modes [ '755', '644' ]
81 silly gunzTarPerm extractEntry LICENSE
82 silly gunzTarPerm extractEntry LICENSE
83 silly gunzTarPerm extractEntry build/index.js
84 silly gunzTarPerm extractEntry build/loadBabelConfig.js
85 silly gunzTarPerm extractEntry path.js
86 silly gunzTarPerm extractEntry runtime.js
87 silly gunzTarPerm extractEntry package.json
88 silly gunzTarPerm extractEntry README.md
89 silly gunzTarPerm extractEntry package.json
90 silly gunzTarPerm extractEntry README.md
91 silly gunzTarPerm extractEntry build/index.d.ts
92 silly lockFile 61d33a45-0457-0-21579943294636905-package tar:///root/tmp/npm-9968-sPeBt_Cq/1719405710457-0.21579943294636905/package
93 silly lockFile 61d33a45-0457-0-21579943294636905-package tar:///root/tmp/npm-9968-sPeBt_Cq/1719405710457-0.21579943294636905/package
94 silly lockFile ff7ea155-0457-0-21579943294636905-tmp-tgz tar:///root/tmp/npm-9968-sPeBt_Cq/1719405710457-0.21579943294636905/tmp.tgz
95 silly lockFile ff7ea155-0457-0-21579943294636905-tmp-tgz tar:///root/tmp/npm-9968-sPeBt_Cq/1719405710457-0.21579943294636905/tmp.tgz
96 verbose tar pack [ '/root/.npm/babel-jest/29.7.0/package.tgz',
96 verbose tar pack   '/root/tmp/npm-9968-sPeBt_Cq/1719405710457-0.21579943294636905/package' ]
97 verbose tarball /root/.npm/babel-jest/29.7.0/package.tgz
98 verbose folder /root/tmp/npm-9968-sPeBt_Cq/1719405710457-0.21579943294636905/package
99 silly lockFile 61d33a45-0457-0-21579943294636905-package tar:///root/tmp/npm-9968-sPeBt_Cq/1719405710457-0.21579943294636905/package
100 verbose lock tar:///root/tmp/npm-9968-sPeBt_Cq/1719405710457-0.21579943294636905/package /root/.npm/61d33a45-0457-0-21579943294636905-package.lock
101 silly lockFile 58291238-pm-babel-jest-29-7-0-package-tgz tar:///root/.npm/babel-jest/29.7.0/package.tgz
102 verbose lock tar:///root/.npm/babel-jest/29.7.0/package.tgz /root/.npm/58291238-pm-babel-jest-29-7-0-package-tgz.lock
103 silly lockFile 3a7c56ae-10391-0-4846158493310213-package tar:///root/tmp/npm-9968-sPeBt_Cq/1719405710391-0.4846158493310213/package
104 silly lockFile 3a7c56ae-10391-0-4846158493310213-package tar:///root/tmp/npm-9968-sPeBt_Cq/1719405710391-0.4846158493310213/package
105 silly lockFile 12676f9f-10391-0-4846158493310213-tmp-tgz tar:///root/tmp/npm-9968-sPeBt_Cq/1719405710391-0.4846158493310213/tmp.tgz
106 silly lockFile 12676f9f-10391-0-4846158493310213-tmp-tgz tar:///root/tmp/npm-9968-sPeBt_Cq/1719405710391-0.4846158493310213/tmp.tgz
107 verbose tar pack [ '/root/.npm/regenerator-runtime/0.14.1/package.tgz',
107 verbose tar pack   '/root/tmp/npm-9968-sPeBt_Cq/1719405710391-0.4846158493310213/package' ]
108 verbose tarball /root/.npm/regenerator-runtime/0.14.1/package.tgz
109 verbose folder /root/tmp/npm-9968-sPeBt_Cq/1719405710391-0.4846158493310213/package
110 silly lockFile 3a7c56ae-10391-0-4846158493310213-package tar:///root/tmp/npm-9968-sPeBt_Cq/1719405710391-0.4846158493310213/package
111 verbose lock tar:///root/tmp/npm-9968-sPeBt_Cq/1719405710391-0.4846158493310213/package /root/.npm/3a7c56ae-10391-0-4846158493310213-package.lock
112 silly lockFile c48c9b53-rator-runtime-0-14-1-package-tgz tar:///root/.npm/regenerator-runtime/0.14.1/package.tgz
113 verbose lock tar:///root/.npm/regenerator-runtime/0.14.1/package.tgz /root/.npm/c48c9b53-rator-runtime-0-14-1-package-tgz.lock
114 silly lockFile 61d33a45-0457-0-21579943294636905-package tar:///root/tmp/npm-9968-sPeBt_Cq/1719405710457-0.21579943294636905/package
115 silly lockFile 61d33a45-0457-0-21579943294636905-package tar:///root/tmp/npm-9968-sPeBt_Cq/1719405710457-0.21579943294636905/package
116 silly lockFile 58291238-pm-babel-jest-29-7-0-package-tgz tar:///root/.npm/babel-jest/29.7.0/package.tgz
117 silly lockFile 58291238-pm-babel-jest-29-7-0-package-tgz tar:///root/.npm/babel-jest/29.7.0/package.tgz
118 silly lockFile 9c2c7ac2-ot-npm-babel-jest-29-7-0-package /root/.npm/babel-jest/29.7.0/package
119 verbose lock /root/.npm/babel-jest/29.7.0/package /root/.npm/9c2c7ac2-ot-npm-babel-jest-29-7-0-package.lock
120 silly lockFile 9c2c7ac2-ot-npm-babel-jest-29-7-0-package /root/.npm/babel-jest/29.7.0/package
121 silly lockFile 9c2c7ac2-ot-npm-babel-jest-29-7-0-package /root/.npm/babel-jest/29.7.0/package
122 verbose tar unpack /root/.npm/babel-jest/29.7.0/package.tgz
123 silly lockFile e035dd5d-ot-npm-babel-jest-29-7-0-package tar:///root/.npm/babel-jest/29.7.0/package
124 verbose lock tar:///root/.npm/babel-jest/29.7.0/package /root/.npm/e035dd5d-ot-npm-babel-jest-29-7-0-package.lock
125 silly lockFile 58291238-pm-babel-jest-29-7-0-package-tgz tar:///root/.npm/babel-jest/29.7.0/package.tgz
126 verbose lock tar:///root/.npm/babel-jest/29.7.0/package.tgz /root/.npm/58291238-pm-babel-jest-29-7-0-package-tgz.lock
127 silly gunzTarPerm modes [ '755', '644' ]
128 silly gunzTarPerm extractEntry package.json
129 silly gunzTarPerm extractEntry README.md
130 silly gunzTarPerm extractEntry LICENSE
131 silly gunzTarPerm extractEntry build/index.js
132 silly gunzTarPerm extractEntry build/loadBabelConfig.js
133 silly gunzTarPerm extractEntry build/index.d.ts
134 silly lockFile 3a7c56ae-10391-0-4846158493310213-package tar:///root/tmp/npm-9968-sPeBt_Cq/1719405710391-0.4846158493310213/package
135 silly lockFile 3a7c56ae-10391-0-4846158493310213-package tar:///root/tmp/npm-9968-sPeBt_Cq/1719405710391-0.4846158493310213/package
136 silly lockFile c48c9b53-rator-runtime-0-14-1-package-tgz tar:///root/.npm/regenerator-runtime/0.14.1/package.tgz
137 silly lockFile c48c9b53-rator-runtime-0-14-1-package-tgz tar:///root/.npm/regenerator-runtime/0.14.1/package.tgz
138 silly lockFile d4d677e4-generator-runtime-0-14-1-package /root/.npm/regenerator-runtime/0.14.1/package
139 verbose lock /root/.npm/regenerator-runtime/0.14.1/package /root/.npm/d4d677e4-generator-runtime-0-14-1-package.lock
140 silly lockFile d4d677e4-generator-runtime-0-14-1-package /root/.npm/regenerator-runtime/0.14.1/package
141 silly lockFile d4d677e4-generator-runtime-0-14-1-package /root/.npm/regenerator-runtime/0.14.1/package
142 verbose tar unpack /root/.npm/regenerator-runtime/0.14.1/package.tgz
143 silly lockFile d2fb1eb9-generator-runtime-0-14-1-package tar:///root/.npm/regenerator-runtime/0.14.1/package
144 verbose lock tar:///root/.npm/regenerator-runtime/0.14.1/package /root/.npm/d2fb1eb9-generator-runtime-0-14-1-package.lock
145 silly lockFile c48c9b53-rator-runtime-0-14-1-package-tgz tar:///root/.npm/regenerator-runtime/0.14.1/package.tgz
146 verbose lock tar:///root/.npm/regenerator-runtime/0.14.1/package.tgz /root/.npm/c48c9b53-rator-runtime-0-14-1-package-tgz.lock
147 silly gunzTarPerm modes [ '755', '644' ]
148 silly gunzTarPerm extractEntry package.json
149 silly gunzTarPerm extractEntry README.md
150 silly gunzTarPerm extractEntry LICENSE
151 silly gunzTarPerm extractEntry path.js
152 silly gunzTarPerm extractEntry runtime.js
153 silly lockFile e035dd5d-ot-npm-babel-jest-29-7-0-package tar:///root/.npm/babel-jest/29.7.0/package
154 silly lockFile e035dd5d-ot-npm-babel-jest-29-7-0-package tar:///root/.npm/babel-jest/29.7.0/package
155 silly lockFile 58291238-pm-babel-jest-29-7-0-package-tgz tar:///root/.npm/babel-jest/29.7.0/package.tgz
156 silly lockFile 58291238-pm-babel-jest-29-7-0-package-tgz tar:///root/.npm/babel-jest/29.7.0/package.tgz
157 verbose chmod /root/.npm/babel-jest/29.7.0/package.tgz 644
158 verbose chown /root/.npm/babel-jest/29.7.0/package.tgz [ 0, 0 ]
159 silly lockFile 062cb09f-babel-jest-babel-jest-29-7-0-tgz https://registry.npmjs.org/babel-jest/-/babel-jest-29.7.0.tgz
160 silly lockFile 062cb09f-babel-jest-babel-jest-29-7-0-tgz https://registry.npmjs.org/babel-jest/-/babel-jest-29.7.0.tgz
161 silly lockFile d097230a-babel-jest-29-7-0 babel-jest@29.7.0
162 silly lockFile d097230a-babel-jest-29-7-0 babel-jest@29.7.0
163 silly lockFile 5a59d52e-babel-jest babel-jest@
164 silly lockFile 5a59d52e-babel-jest babel-jest@
165 silly lockFile d2fb1eb9-generator-runtime-0-14-1-package tar:///root/.npm/regenerator-runtime/0.14.1/package
166 silly lockFile d2fb1eb9-generator-runtime-0-14-1-package tar:///root/.npm/regenerator-runtime/0.14.1/package
167 silly lockFile c48c9b53-rator-runtime-0-14-1-package-tgz tar:///root/.npm/regenerator-runtime/0.14.1/package.tgz
168 silly lockFile c48c9b53-rator-runtime-0-14-1-package-tgz tar:///root/.npm/regenerator-runtime/0.14.1/package.tgz
169 verbose chmod /root/.npm/regenerator-runtime/0.14.1/package.tgz 644
170 verbose chown /root/.npm/regenerator-runtime/0.14.1/package.tgz [ 0, 0 ]
171 silly lockFile bf193655-e-regenerator-runtime-0-14-1-tgz https://registry.npmjs.org/regenerator-runtime/-/regenerator-runtime-0.14.1.tgz
172 silly lockFile bf193655-e-regenerator-runtime-0-14-1-tgz https://registry.npmjs.org/regenerator-runtime/-/regenerator-runtime-0.14.1.tgz
173 silly lockFile 2c4673b5-regenerator-runtime-0-14-1 regenerator-runtime@0.14.1
174 silly lockFile 2c4673b5-regenerator-runtime-0-14-1 regenerator-runtime@0.14.1
175 silly lockFile a6889ae9-regenerator-runtime regenerator-runtime@
176 silly lockFile a6889ae9-regenerator-runtime regenerator-runtime@
177 silly resolved [ { name: 'babel-jest',
177 silly resolved     description: 'Jest plugin to use babel for transformation.',
177 silly resolved     version: '29.7.0',
177 silly resolved     repository:
177 silly resolved      { type: 'git',
177 silly resolved        url: 'https://github.com/jestjs/jest.git',
177 silly resolved        directory: 'packages/babel-jest' },
177 silly resolved     license: 'MIT',
177 silly resolved     main: './build/index.js',
177 silly resolved     types: './build/index.d.ts',
177 silly resolved     exports: { '.': [Object], './package.json': './package.json' },
177 silly resolved     dependencies:
177 silly resolved      { '@jest/transform': '^29.7.0',
177 silly resolved        '@types/babel__core': '^7.1.14',
177 silly resolved        'babel-plugin-istanbul': '^6.1.1',
177 silly resolved        'babel-preset-jest': '^29.6.3',
177 silly resolved        chalk: '^4.0.0',
177 silly resolved        'graceful-fs': '^4.2.9',
177 silly resolved        slash: '^3.0.0' },
177 silly resolved     devDependencies:
177 silly resolved      { '@babel/core': '^7.11.6',
177 silly resolved        '@jest/test-utils': '^29.7.0',
177 silly resolved        '@types/graceful-fs': '^4.1.3' },
177 silly resolved     peerDependencies: { '@babel/core': '^7.8.0' },
177 silly resolved     engines: { node: '^14.15.0 || ^16.10.0 || >=18.0.0' },
177 silly resolved     publishConfig: { access: 'public' },
177 silly resolved     gitHead: '4e56991693da7cd4c3730dc3579a1dd1403ee630',
177 silly resolved     readme: '# babel-jest\n\n[Babel](https://github.com/babel/babel) [jest](https://github.com/jestjs/jest) plugin\n\n## Usage\n\nIf you are already using `jest-cli`, add `babel-jest` and it will automatically compile JavaScript code using Babel.\n\n```bash\nyarn add --dev babel-jest @babel/core\n```\n\nIf you would like to write your own preprocessor, uninstall and delete babel-jest and set the [config.transform](https://jestjs.io/docs/configuration#transform-object-string-string) option to your preprocessor.\n\n## Setup\n\n_Note: this step is only required if you are using `babel-jest` with additional code preprocessors._\n\nTo explicitly define `babel-jest` as a transformer for your JavaScript code, map _.js_ files to the `babel-jest` module. Typescript files are also supported.\n\n```json\n"transform": {\n  "\\\\.[jt]sx?$": "babel-jest"\n},\n```\n',
177 silly resolved     readmeFilename: 'README.md',
177 silly resolved     bugs: { url: 'https://github.com/jestjs/jest/issues' },
177 silly resolved     _id: 'babel-jest@29.7.0',
177 silly resolved     dist: { shasum: '2577328210c13b21a624125998a10e8518ce38a1' },
177 silly resolved     _from: 'babel-jest@',
177 silly resolved     _resolved: 'https://registry.npmjs.org/babel-jest/-/babel-jest-29.7.0.tgz' },
177 silly resolved   { name: 'regenerator-runtime',
177 silly resolved     author: { name: 'Ben Newman', email: 'bn@cs.stanford.edu' },
177 silly resolved     description: 'Runtime for Regenerator-compiled generator and async functions.',
177 silly resolved     version: '0.14.1',
177 silly resolved     main: 'runtime.js',
177 silly resolved     keywords: [ 'regenerator', 'runtime', 'generator', 'async' ],
177 silly resolved     sideEffects: true,
177 silly resolved     repository:
177 silly resolved      { type: 'git',
177 silly resolved        url: 'https://github.com/facebook/regenerator/tree/main/packages/runtime' },
177 silly resolved     license: 'MIT',
177 silly resolved     readme: '# regenerator-runtime\n\nStandalone runtime for\n[Regenerator](https://github.com/facebook/regenerator)-compiled generator\nand `async` functions.\n\nTo import the runtime as a module (recommended), either of the following\nimport styles will work:\n```js\n// CommonJS\nconst regeneratorRuntime = require("regenerator-runtime");\n\n// ECMAScript 2015\nimport regeneratorRuntime from "regenerator-runtime";\n```\n\nTo ensure that `regeneratorRuntime` is defined globally, either of the\nfollowing styles will work:\n```js\n// CommonJS\nrequire("regenerator-runtime/runtime");\n\n// ECMAScript 2015\nimport "regenerator-runtime/runtime.js";\n```\n\nTo get the absolute file system path of `runtime.js`, evaluate the\nfollowing expression:\n```js\nrequire("regenerator-runtime/path").path\n```\n',
177 silly resolved     readmeFilename: 'README.md',
177 silly resolved     _id: 'regenerator-runtime@0.14.1',
177 silly resolved     dist: { shasum: '54f7211117f1076071360006ebe1c9c9544f4868' },
177 silly resolved     _from: 'regenerator-runtime@',
177 silly resolved     _resolved: 'https://registry.npmjs.org/regenerator-runtime/-/regenerator-runtime-0.14.1.tgz' } ]
178 info install babel-jest@29.7.0 into /vagrant/git/m2i
179 info install regenerator-runtime@0.14.1 into /vagrant/git/m2i
180 info installOne babel-jest@29.7.0
181 warn engine babel-jest@29.7.0: wanted: {"node":"^14.15.0 || ^16.10.0 || >=18.0.0"} (current: {"node":"v0.10.25","npm":"1.3.10"})
182 info installOne regenerator-runtime@0.14.1
183 info /vagrant/git/m2i/node_modules/babel-jest unbuild
184 info /vagrant/git/m2i/node_modules/regenerator-runtime unbuild
185 verbose tar unpack /root/.npm/babel-jest/29.7.0/package.tgz
186 silly lockFile 0489b512--git-m2i-node-modules-babel-jest tar:///vagrant/git/m2i/node_modules/babel-jest
187 verbose lock tar:///vagrant/git/m2i/node_modules/babel-jest /root/.npm/0489b512--git-m2i-node-modules-babel-jest.lock
188 silly lockFile 58291238-pm-babel-jest-29-7-0-package-tgz tar:///root/.npm/babel-jest/29.7.0/package.tgz
189 verbose lock tar:///root/.npm/babel-jest/29.7.0/package.tgz /root/.npm/58291238-pm-babel-jest-29-7-0-package-tgz.lock
190 verbose tar unpack /root/.npm/regenerator-runtime/0.14.1/package.tgz
191 silly lockFile a2e9f5e3-node-modules-regenerator-runtime tar:///vagrant/git/m2i/node_modules/regenerator-runtime
192 verbose lock tar:///vagrant/git/m2i/node_modules/regenerator-runtime /root/.npm/a2e9f5e3-node-modules-regenerator-runtime.lock
193 silly lockFile c48c9b53-rator-runtime-0-14-1-package-tgz tar:///root/.npm/regenerator-runtime/0.14.1/package.tgz
194 verbose lock tar:///root/.npm/regenerator-runtime/0.14.1/package.tgz /root/.npm/c48c9b53-rator-runtime-0-14-1-package-tgz.lock
195 silly gunzTarPerm modes [ '755', '644' ]
196 silly gunzTarPerm modes [ '755', '644' ]
197 silly gunzTarPerm extractEntry package.json
198 silly gunzTarPerm extractEntry package.json
199 silly gunzTarPerm extractEntry README.md
200 silly gunzTarPerm extractEntry LICENSE
201 silly gunzTarPerm extractEntry README.md
202 silly gunzTarPerm extractEntry LICENSE
203 silly gunzTarPerm extractEntry path.js
204 silly gunzTarPerm extractEntry runtime.js
205 silly gunzTarPerm extractEntry build/index.js
206 silly gunzTarPerm extractEntry build/loadBabelConfig.js
207 silly gunzTarPerm extractEntry build/index.d.ts
208 silly lockFile a2e9f5e3-node-modules-regenerator-runtime tar:///vagrant/git/m2i/node_modules/regenerator-runtime
209 silly lockFile a2e9f5e3-node-modules-regenerator-runtime tar:///vagrant/git/m2i/node_modules/regenerator-runtime
210 silly lockFile c48c9b53-rator-runtime-0-14-1-package-tgz tar:///root/.npm/regenerator-runtime/0.14.1/package.tgz
211 silly lockFile c48c9b53-rator-runtime-0-14-1-package-tgz tar:///root/.npm/regenerator-runtime/0.14.1/package.tgz
212 silly lockFile 0489b512--git-m2i-node-modules-babel-jest tar:///vagrant/git/m2i/node_modules/babel-jest
213 silly lockFile 0489b512--git-m2i-node-modules-babel-jest tar:///vagrant/git/m2i/node_modules/babel-jest
214 silly lockFile 58291238-pm-babel-jest-29-7-0-package-tgz tar:///root/.npm/babel-jest/29.7.0/package.tgz
215 silly lockFile 58291238-pm-babel-jest-29-7-0-package-tgz tar:///root/.npm/babel-jest/29.7.0/package.tgz
216 info preinstall regenerator-runtime@0.14.1
217 info preinstall babel-jest@29.7.0
218 verbose readDependencies using package.json deps
219 verbose readDependencies using package.json deps
220 silly resolved []
221 verbose about to build /vagrant/git/m2i/node_modules/regenerator-runtime
222 info build /vagrant/git/m2i/node_modules/regenerator-runtime
223 verbose linkStuff [ false, false, false, '/vagrant/git/m2i/node_modules' ]
224 info linkStuff regenerator-runtime@0.14.1
225 verbose linkBins regenerator-runtime@0.14.1
226 verbose linkMans regenerator-runtime@0.14.1
227 verbose rebuildBundles regenerator-runtime@0.14.1
228 verbose readDependencies using package.json deps
229 info install regenerator-runtime@0.14.1
230 verbose readDependencies using package.json deps
231 info postinstall regenerator-runtime@0.14.1
232 verbose cache add [ '@jest/transform@^29.7.0', null ]
233 verbose cache add name=undefined spec="@jest/transform@^29.7.0" args=["@jest/transform@^29.7.0",null]
234 verbose parsed url { protocol: null,
234 verbose parsed url   slashes: null,
234 verbose parsed url   auth: null,
234 verbose parsed url   host: null,
234 verbose parsed url   port: null,
234 verbose parsed url   hostname: null,
234 verbose parsed url   hash: null,
234 verbose parsed url   search: null,
234 verbose parsed url   query: null,
234 verbose parsed url   pathname: '@jest/transform@^29.7.0',
234 verbose parsed url   path: '@jest/transform@^29.7.0',
234 verbose parsed url   href: '@jest/transform@^29.7.0' }
235 verbose cache add name="" spec="jest/transform@^29.7.0" args=["","jest/transform@^29.7.0"]
236 verbose parsed url { protocol: null,
236 verbose parsed url   slashes: null,
236 verbose parsed url   auth: null,
236 verbose parsed url   host: null,
236 verbose parsed url   port: null,
236 verbose parsed url   hostname: null,
236 verbose parsed url   hash: null,
236 verbose parsed url   search: null,
236 verbose parsed url   query: null,
236 verbose parsed url   pathname: 'jest/transform@^29.7.0',
236 verbose parsed url   path: 'jest/transform@^29.7.0',
236 verbose parsed url   href: 'jest/transform@^29.7.0' }
237 verbose cache add name="jest/transform" spec="^29.7.0" args=["jest/transform","^29.7.0"]
238 verbose parsed url { protocol: null,
238 verbose parsed url   slashes: null,
238 verbose parsed url   auth: null,
238 verbose parsed url   host: null,
238 verbose parsed url   port: null,
238 verbose parsed url   hostname: null,
238 verbose parsed url   hash: null,
238 verbose parsed url   search: null,
238 verbose parsed url   query: null,
238 verbose parsed url   pathname: '^29.7.0',
238 verbose parsed url   path: '^29.7.0',
238 verbose parsed url   href: '^29.7.0' }
239 verbose addNamed [ 'jest/transform', '^29.7.0' ]
240 verbose addNamed [ null, '>=29.7.0-0 <30.0.0-0' ]
241 silly lockFile dda293b6-jest-transform-29-7-0 jest/transform@^29.7.0
242 verbose lock jest/transform@^29.7.0 /root/.npm/dda293b6-jest-transform-29-7-0.lock
243 verbose cache add [ '@types/babel__core@^7.1.14', null ]
244 verbose cache add name=undefined spec="@types/babel__core@^7.1.14" args=["@types/babel__core@^7.1.14",null]
245 verbose parsed url { protocol: null,
245 verbose parsed url   slashes: null,
245 verbose parsed url   auth: null,
245 verbose parsed url   host: null,
245 verbose parsed url   port: null,
245 verbose parsed url   hostname: null,
245 verbose parsed url   hash: null,
245 verbose parsed url   search: null,
245 verbose parsed url   query: null,
245 verbose parsed url   pathname: '@types/babel__core@^7.1.14',
245 verbose parsed url   path: '@types/babel__core@^7.1.14',
245 verbose parsed url   href: '@types/babel__core@^7.1.14' }
246 verbose cache add name="" spec="types/babel__core@^7.1.14" args=["","types/babel__core@^7.1.14"]
247 verbose parsed url { protocol: null,
247 verbose parsed url   slashes: null,
247 verbose parsed url   auth: null,
247 verbose parsed url   host: null,
247 verbose parsed url   port: null,
247 verbose parsed url   hostname: null,
247 verbose parsed url   hash: null,
247 verbose parsed url   search: null,
247 verbose parsed url   query: null,
247 verbose parsed url   pathname: 'types/babel__core@^7.1.14',
247 verbose parsed url   path: 'types/babel__core@^7.1.14',
247 verbose parsed url   href: 'types/babel__core@^7.1.14' }
248 verbose cache add name="types/babel__core" spec="^7.1.14" args=["types/babel__core","^7.1.14"]
249 verbose parsed url { protocol: null,
249 verbose parsed url   slashes: null,
249 verbose parsed url   auth: null,
249 verbose parsed url   host: null,
249 verbose parsed url   port: null,
249 verbose parsed url   hostname: null,
249 verbose parsed url   hash: null,
249 verbose parsed url   search: null,
249 verbose parsed url   query: null,
249 verbose parsed url   pathname: '^7.1.14',
249 verbose parsed url   path: '^7.1.14',
249 verbose parsed url   href: '^7.1.14' }
250 verbose addNamed [ 'types/babel__core', '^7.1.14' ]
251 verbose addNamed [ null, '>=7.1.14-0 <8.0.0-0' ]
252 silly lockFile 350fa399-types-babel-core-7-1-14 types/babel__core@^7.1.14
253 verbose lock types/babel__core@^7.1.14 /root/.npm/350fa399-types-babel-core-7-1-14.lock
254 verbose cache add [ 'babel-preset-jest@^29.6.3', null ]
255 verbose cache add name=undefined spec="babel-preset-jest@^29.6.3" args=["babel-preset-jest@^29.6.3",null]
256 verbose parsed url { protocol: null,
256 verbose parsed url   slashes: null,
256 verbose parsed url   auth: null,
256 verbose parsed url   host: null,
256 verbose parsed url   port: null,
256 verbose parsed url   hostname: null,
256 verbose parsed url   hash: null,
256 verbose parsed url   search: null,
256 verbose parsed url   query: null,
256 verbose parsed url   pathname: 'babel-preset-jest@^29.6.3',
256 verbose parsed url   path: 'babel-preset-jest@^29.6.3',
256 verbose parsed url   href: 'babel-preset-jest@^29.6.3' }
257 verbose cache add name="babel-preset-jest" spec="^29.6.3" args=["babel-preset-jest","^29.6.3"]
258 verbose parsed url { protocol: null,
258 verbose parsed url   slashes: null,
258 verbose parsed url   auth: null,
258 verbose parsed url   host: null,
258 verbose parsed url   port: null,
258 verbose parsed url   hostname: null,
258 verbose parsed url   hash: null,
258 verbose parsed url   search: null,
258 verbose parsed url   query: null,
258 verbose parsed url   pathname: '^29.6.3',
258 verbose parsed url   path: '^29.6.3',
258 verbose parsed url   href: '^29.6.3' }
259 verbose addNamed [ 'babel-preset-jest', '^29.6.3' ]
260 verbose addNamed [ null, '>=29.6.3-0 <30.0.0-0' ]
261 silly lockFile d74db17d-babel-preset-jest-29-6-3 babel-preset-jest@^29.6.3
262 verbose lock babel-preset-jest@^29.6.3 /root/.npm/d74db17d-babel-preset-jest-29-6-3.lock
263 verbose cache add [ 'babel-plugin-istanbul@^6.1.1', null ]
264 verbose cache add name=undefined spec="babel-plugin-istanbul@^6.1.1" args=["babel-plugin-istanbul@^6.1.1",null]
265 verbose parsed url { protocol: null,
265 verbose parsed url   slashes: null,
265 verbose parsed url   auth: null,
265 verbose parsed url   host: null,
265 verbose parsed url   port: null,
265 verbose parsed url   hostname: null,
265 verbose parsed url   hash: null,
265 verbose parsed url   search: null,
265 verbose parsed url   query: null,
265 verbose parsed url   pathname: 'babel-plugin-istanbul@^6.1.1',
265 verbose parsed url   path: 'babel-plugin-istanbul@^6.1.1',
265 verbose parsed url   href: 'babel-plugin-istanbul@^6.1.1' }
266 verbose cache add name="babel-plugin-istanbul" spec="^6.1.1" args=["babel-plugin-istanbul","^6.1.1"]
267 verbose parsed url { protocol: null,
267 verbose parsed url   slashes: null,
267 verbose parsed url   auth: null,
267 verbose parsed url   host: null,
267 verbose parsed url   port: null,
267 verbose parsed url   hostname: null,
267 verbose parsed url   hash: null,
267 verbose parsed url   search: null,
267 verbose parsed url   query: null,
267 verbose parsed url   pathname: '^6.1.1',
267 verbose parsed url   path: '^6.1.1',
267 verbose parsed url   href: '^6.1.1' }
268 verbose addNamed [ 'babel-plugin-istanbul', '^6.1.1' ]
269 verbose addNamed [ null, '>=6.1.1-0 <7.0.0-0' ]
270 silly lockFile 822145a7-babel-plugin-istanbul-6-1-1 babel-plugin-istanbul@^6.1.1
271 verbose lock babel-plugin-istanbul@^6.1.1 /root/.npm/822145a7-babel-plugin-istanbul-6-1-1.lock
272 verbose cache add [ 'chalk@^4.0.0', null ]
273 verbose cache add name=undefined spec="chalk@^4.0.0" args=["chalk@^4.0.0",null]
274 verbose parsed url { protocol: null,
274 verbose parsed url   slashes: null,
274 verbose parsed url   auth: null,
274 verbose parsed url   host: null,
274 verbose parsed url   port: null,
274 verbose parsed url   hostname: null,
274 verbose parsed url   hash: null,
274 verbose parsed url   search: null,
274 verbose parsed url   query: null,
274 verbose parsed url   pathname: 'chalk@^4.0.0',
274 verbose parsed url   path: 'chalk@^4.0.0',
274 verbose parsed url   href: 'chalk@^4.0.0' }
275 verbose cache add name="chalk" spec="^4.0.0" args=["chalk","^4.0.0"]
276 verbose parsed url { protocol: null,
276 verbose parsed url   slashes: null,
276 verbose parsed url   auth: null,
276 verbose parsed url   host: null,
276 verbose parsed url   port: null,
276 verbose parsed url   hostname: null,
276 verbose parsed url   hash: null,
276 verbose parsed url   search: null,
276 verbose parsed url   query: null,
276 verbose parsed url   pathname: '^4.0.0',
276 verbose parsed url   path: '^4.0.0',
276 verbose parsed url   href: '^4.0.0' }
277 verbose addNamed [ 'chalk', '^4.0.0' ]
278 verbose addNamed [ null, '>=4.0.0-0 <5.0.0-0' ]
279 silly lockFile c0503e1e-chalk-4-0-0 chalk@^4.0.0
280 verbose lock chalk@^4.0.0 /root/.npm/c0503e1e-chalk-4-0-0.lock
281 verbose cache add [ 'graceful-fs@^4.2.9', null ]
282 verbose cache add name=undefined spec="graceful-fs@^4.2.9" args=["graceful-fs@^4.2.9",null]
283 verbose parsed url { protocol: null,
283 verbose parsed url   slashes: null,
283 verbose parsed url   auth: null,
283 verbose parsed url   host: null,
283 verbose parsed url   port: null,
283 verbose parsed url   hostname: null,
283 verbose parsed url   hash: null,
283 verbose parsed url   search: null,
283 verbose parsed url   query: null,
283 verbose parsed url   pathname: 'graceful-fs@^4.2.9',
283 verbose parsed url   path: 'graceful-fs@^4.2.9',
283 verbose parsed url   href: 'graceful-fs@^4.2.9' }
284 verbose cache add name="graceful-fs" spec="^4.2.9" args=["graceful-fs","^4.2.9"]
285 verbose parsed url { protocol: null,
285 verbose parsed url   slashes: null,
285 verbose parsed url   auth: null,
285 verbose parsed url   host: null,
285 verbose parsed url   port: null,
285 verbose parsed url   hostname: null,
285 verbose parsed url   hash: null,
285 verbose parsed url   search: null,
285 verbose parsed url   query: null,
285 verbose parsed url   pathname: '^4.2.9',
285 verbose parsed url   path: '^4.2.9',
285 verbose parsed url   href: '^4.2.9' }
286 verbose addNamed [ 'graceful-fs', '^4.2.9' ]
287 verbose addNamed [ null, '>=4.2.9-0 <5.0.0-0' ]
288 silly lockFile 0295b129-graceful-fs-4-2-9 graceful-fs@^4.2.9
289 verbose lock graceful-fs@^4.2.9 /root/.npm/0295b129-graceful-fs-4-2-9.lock
290 verbose cache add [ 'slash@^3.0.0', null ]
291 verbose cache add name=undefined spec="slash@^3.0.0" args=["slash@^3.0.0",null]
292 verbose parsed url { protocol: null,
292 verbose parsed url   slashes: null,
292 verbose parsed url   auth: null,
292 verbose parsed url   host: null,
292 verbose parsed url   port: null,
292 verbose parsed url   hostname: null,
292 verbose parsed url   hash: null,
292 verbose parsed url   search: null,
292 verbose parsed url   query: null,
292 verbose parsed url   pathname: 'slash@^3.0.0',
292 verbose parsed url   path: 'slash@^3.0.0',
292 verbose parsed url   href: 'slash@^3.0.0' }
293 verbose cache add name="slash" spec="^3.0.0" args=["slash","^3.0.0"]
294 verbose parsed url { protocol: null,
294 verbose parsed url   slashes: null,
294 verbose parsed url   auth: null,
294 verbose parsed url   host: null,
294 verbose parsed url   port: null,
294 verbose parsed url   hostname: null,
294 verbose parsed url   hash: null,
294 verbose parsed url   search: null,
294 verbose parsed url   query: null,
294 verbose parsed url   pathname: '^3.0.0',
294 verbose parsed url   path: '^3.0.0',
294 verbose parsed url   href: '^3.0.0' }
295 verbose addNamed [ 'slash', '^3.0.0' ]
296 verbose addNamed [ null, '>=3.0.0-0 <4.0.0-0' ]
297 silly lockFile f3c14d51-slash-3-0-0 slash@^3.0.0
298 verbose lock slash@^3.0.0 /root/.npm/f3c14d51-slash-3-0-0.lock
299 silly addNameRange { name: 'jest/transform',
299 silly addNameRange   range: '>=29.7.0-0 <30.0.0-0',
299 silly addNameRange   hasData: false }
300 silly addNameRange { name: 'types/babel__core',
300 silly addNameRange   range: '>=7.1.14-0 <8.0.0-0',
300 silly addNameRange   hasData: false }
301 verbose url raw jest/transform
302 verbose url resolving [ 'https://registry.npmjs.org/', './jest/transform' ]
303 verbose url resolved https://registry.npmjs.org/jest/transform
304 info trying registry request attempt 1 at 12:41:52
305 http GET https://registry.npmjs.org/jest/transform
306 verbose url raw types/babel__core
307 verbose url resolving [ 'https://registry.npmjs.org/', './types/babel__core' ]
308 verbose url resolved https://registry.npmjs.org/types/babel__core
309 info trying registry request attempt 1 at 12:41:52
310 http GET https://registry.npmjs.org/types/babel__core
311 silly addNameRange { name: 'babel-preset-jest',
311 silly addNameRange   range: '>=29.6.3-0 <30.0.0-0',
311 silly addNameRange   hasData: false }
312 silly addNameRange { name: 'babel-plugin-istanbul',
312 silly addNameRange   range: '>=6.1.1-0 <7.0.0-0',
312 silly addNameRange   hasData: false }
313 silly addNameRange { name: 'chalk', range: '>=4.0.0-0 <5.0.0-0', hasData: false }
314 silly addNameRange { name: 'graceful-fs',
314 silly addNameRange   range: '>=4.2.9-0 <5.0.0-0',
314 silly addNameRange   hasData: false }
315 silly addNameRange { name: 'slash', range: '>=3.0.0-0 <4.0.0-0', hasData: false }
316 verbose url raw babel-preset-jest
317 verbose url resolving [ 'https://registry.npmjs.org/', './babel-preset-jest' ]
318 verbose url resolved https://registry.npmjs.org/babel-preset-jest
319 info trying registry request attempt 1 at 12:41:53
320 http GET https://registry.npmjs.org/babel-preset-jest
321 verbose url raw babel-plugin-istanbul
322 verbose url resolving [ 'https://registry.npmjs.org/', './babel-plugin-istanbul' ]
323 verbose url resolved https://registry.npmjs.org/babel-plugin-istanbul
324 info trying registry request attempt 1 at 12:41:53
325 http GET https://registry.npmjs.org/babel-plugin-istanbul
326 verbose url raw chalk
327 verbose url resolving [ 'https://registry.npmjs.org/', './chalk' ]
328 verbose url resolved https://registry.npmjs.org/chalk
329 info trying registry request attempt 1 at 12:41:53
330 http GET https://registry.npmjs.org/chalk
331 verbose url raw graceful-fs
332 verbose url resolving [ 'https://registry.npmjs.org/', './graceful-fs' ]
333 verbose url resolved https://registry.npmjs.org/graceful-fs
334 info trying registry request attempt 1 at 12:41:53
335 http GET https://registry.npmjs.org/graceful-fs
336 verbose url raw slash
337 verbose url resolving [ 'https://registry.npmjs.org/', './slash' ]
338 verbose url resolved https://registry.npmjs.org/slash
339 info trying registry request attempt 1 at 12:41:53
340 http GET https://registry.npmjs.org/slash
341 http 200 https://registry.npmjs.org/babel-plugin-istanbul
342 silly registry.get cb [ 200,
342 silly registry.get   { date: 'Wed, 26 Jun 2024 12:41:55 GMT',
342 silly registry.get     'content-type': 'application/json',
342 silly registry.get     'content-length': '139747',
342 silly registry.get     connection: 'keep-alive',
342 silly registry.get     'cf-ray': '899d4637ee0ff100-CDG',
342 silly registry.get     'cf-cache-status': 'HIT',
342 silly registry.get     'accept-ranges': 'bytes',
342 silly registry.get     'access-control-allow-origin': '*',
342 silly registry.get     age: '123',
342 silly registry.get     'cache-control': 'public, max-age=300',
342 silly registry.get     etag: '"297e3dd1923e8efef540a3e7583b14c6"',
342 silly registry.get     'last-modified': 'Wed, 12 Jul 2023 19:06:20 GMT',
342 silly registry.get     vary: 'accept-encoding, accept',
342 silly registry.get     server: 'cloudflare' } ]
343 silly addNameRange number 2 { name: 'babel-plugin-istanbul',
343 silly addNameRange   range: '>=6.1.1-0 <7.0.0-0',
343 silly addNameRange   hasData: true }
344 silly addNameRange versions [ 'babel-plugin-istanbul',
344 silly addNameRange   [ '1.0.0-alpha.1',
344 silly addNameRange     '1.0.0',
344 silly addNameRange     '1.0.1',
344 silly addNameRange     '1.0.2',
344 silly addNameRange     '1.0.3',
344 silly addNameRange     '1.1.0',
344 silly addNameRange     '2.0.0',
344 silly addNameRange     '2.0.1',
344 silly addNameRange     '2.0.2',
344 silly addNameRange     '2.0.3',
344 silly addNameRange     '3.0.0',
344 silly addNameRange     '3.1.0-candidate.0',
344 silly addNameRange     '3.1.1-candidate.0',
344 silly addNameRange     '3.1.1',
344 silly addNameRange     '3.1.2-candidate.0',
344 silly addNameRange     '3.1.2',
344 silly addNameRange     '4.0.0',
344 silly addNameRange     '4.1.0-candidate.0',
344 silly addNameRange     '4.1.1',
344 silly addNameRange     '4.1.2-candidate.0',
344 silly addNameRange     '4.1.3',
344 silly addNameRange     '4.1.4',
344 silly addNameRange     '4.1.5',
344 silly addNameRange     '4.1.6',
344 silly addNameRange     '5.0.0',
344 silly addNameRange     '5.0.1',
344 silly addNameRange     '5.1.0',
344 silly addNameRange     '5.1.1',
344 silly addNameRange     '5.1.2',
344 silly addNameRange     '5.1.3',
344 silly addNameRange     '5.1.4',
344 silly addNameRange     '5.2.0',
344 silly addNameRange     '6.0.0-beta.0',
344 silly addNameRange     '6.0.0-beta.1',
344 silly addNameRange     '6.0.0-beta.2',
344 silly addNameRange     '6.0.0',
344 silly addNameRange     '6.1.1' ] ]
345 verbose addNamed [ 'babel-plugin-istanbul', '6.1.1' ]
346 verbose addNamed [ '6.1.1', '6.1.1' ]
347 silly lockFile 3a867bc7-babel-plugin-istanbul-6-1-1 babel-plugin-istanbul@6.1.1
348 verbose lock babel-plugin-istanbul@6.1.1 /root/.npm/3a867bc7-babel-plugin-istanbul-6-1-1.lock
349 silly lockFile c4cafc1e--babel-plugin-istanbul-6-1-1-tgz https://registry.npmjs.org/babel-plugin-istanbul/-/babel-plugin-istanbul-6.1.1.tgz
350 verbose lock https://registry.npmjs.org/babel-plugin-istanbul/-/babel-plugin-istanbul-6.1.1.tgz /root/.npm/c4cafc1e--babel-plugin-istanbul-6-1-1-tgz.lock
351 verbose addRemoteTarball [ 'https://registry.npmjs.org/babel-plugin-istanbul/-/babel-plugin-istanbul-6.1.1.tgz',
351 verbose addRemoteTarball   'fa88ec59232fd9b4e36dbbc540a8ec9a9b47da73' ]
352 info retry fetch attempt 1 at 12:41:55
353 verbose fetch to= /root/tmp/npm-9968-sPeBt_Cq/1719405715279-0.749950751196593/tmp.tgz
354 http GET https://registry.npmjs.org/babel-plugin-istanbul/-/babel-plugin-istanbul-6.1.1.tgz
355 http 200 https://registry.npmjs.org/graceful-fs
356 silly registry.get cb [ 200,
356 silly registry.get   { date: 'Wed, 26 Jun 2024 12:41:55 GMT',
356 silly registry.get     'content-type': 'application/json',
356 silly registry.get     'content-length': '124285',
356 silly registry.get     connection: 'keep-alive',
356 silly registry.get     'cf-ray': '899d46387e9cf100-CDG',
356 silly registry.get     'cf-cache-status': 'HIT',
356 silly registry.get     'accept-ranges': 'bytes',
356 silly registry.get     'access-control-allow-origin': '*',
356 silly registry.get     age: '78',
356 silly registry.get     'cache-control': 'public, max-age=300',
356 silly registry.get     etag: '"1cbaa24705e0589f55861c185b5c2307"',
356 silly registry.get     'last-modified': 'Fri, 09 Jun 2023 21:32:48 GMT',
356 silly registry.get     vary: 'accept-encoding, accept',
356 silly registry.get     server: 'cloudflare' } ]
357 silly addNameRange number 2 { name: 'graceful-fs',
357 silly addNameRange   range: '>=4.2.9-0 <5.0.0-0',
357 silly addNameRange   hasData: true }
358 silly addNameRange versions [ 'graceful-fs',
358 silly addNameRange   [ '1.0.0',
358 silly addNameRange     '1.0.1',
358 silly addNameRange     '1.0.2',
358 silly addNameRange     '1.1.0',
358 silly addNameRange     '1.1.1',
358 silly addNameRange     '1.1.2',
358 silly addNameRange     '1.1.3',
358 silly addNameRange     '1.1.4',
358 silly addNameRange     '1.1.5',
358 silly addNameRange     '1.1.6',
358 silly addNameRange     '1.1.7',
358 silly addNameRange     '1.1.8',
358 silly addNameRange     '1.1.9',
358 silly addNameRange     '1.1.10',
358 silly addNameRange     '1.1.11',
358 silly addNameRange     '1.1.12',
358 silly addNameRange     '1.1.13',
358 silly addNameRange     '1.1.14',
358 silly addNameRange     '1.2.0',
358 silly addNameRange     '1.2.1',
358 silly addNameRange     '1.2.2',
358 silly addNameRange     '1.2.3',
358 silly addNameRange     '2.0.0',
358 silly addNameRange     '2.0.1',
358 silly addNameRange     '2.0.2',
358 silly addNameRange     '2.0.3',
358 silly addNameRange     '3.0.0',
358 silly addNameRange     '3.0.1',
358 silly addNameRange     '3.0.2',
358 silly addNameRange     '3.0.3',
358 silly addNameRange     '3.0.4',
358 silly addNameRange     '3.0.5',
358 silly addNameRange     '3.0.6',
358 silly addNameRange     '3.0.7',
358 silly addNameRange     '3.0.8',
358 silly addNameRange     '4.1.0',
358 silly addNameRange     '4.1.1',
358 silly addNameRange     '4.1.2',
358 silly addNameRange     '4.1.3',
358 silly addNameRange     '4.1.4',
358 silly addNameRange     '4.1.5',
358 silly addNameRange     '3.0.9',
358 silly addNameRange     '4.1.6',
358 silly addNameRange     '3.0.10',
358 silly addNameRange     '3.0.11',
358 silly addNameRange     '4.1.7',
358 silly addNameRange     '4.1.8',
358 silly addNameRange     '4.1.9',
358 silly addNameRange     '4.1.10',
358 silly addNameRange     '4.1.11',
358 silly addNameRange     '4.1.12',
358 silly addNameRange     '4.1.13',
358 silly addNameRange     '4.1.14',
358 silly addNameRange     '4.1.15',
358 silly addNameRange     '4.2.0',
358 silly addNameRange     '4.2.1',
358 silly addNameRange     '3.0.12',
358 silly addNameRange     '4.2.2',
358 silly addNameRange     '4.2.3',
358 silly addNameRange     '4.2.4',
358 silly addNameRange     '4.2.5',
358 silly addNameRange     '4.2.6',
358 silly addNameRange     '4.2.7',
358 silly addNameRange     '4.2.8',
358 silly addNameRange     '4.2.9',
358 silly addNameRange     '4.2.10',
358 silly addNameRange     '4.2.11' ] ]
359 verbose addNamed [ 'graceful-fs', '4.2.11' ]
360 verbose addNamed [ '4.2.11', '4.2.11' ]
361 silly lockFile 9c8d4f02-graceful-fs-4-2-11 graceful-fs@4.2.11
362 verbose lock graceful-fs@4.2.11 /root/.npm/9c8d4f02-graceful-fs-4-2-11.lock
363 silly lockFile 69229f97-aceful-fs-graceful-fs-4-2-11-tgz https://registry.npmjs.org/graceful-fs/-/graceful-fs-4.2.11.tgz
364 verbose lock https://registry.npmjs.org/graceful-fs/-/graceful-fs-4.2.11.tgz /root/.npm/69229f97-aceful-fs-graceful-fs-4-2-11-tgz.lock
365 verbose addRemoteTarball [ 'https://registry.npmjs.org/graceful-fs/-/graceful-fs-4.2.11.tgz',
365 verbose addRemoteTarball   '4183e4e8bf08bb6e05bbb2f7d2e0c8f712ca40e3' ]
366 info retry fetch attempt 1 at 12:41:55
367 verbose fetch to= /root/tmp/npm-9968-sPeBt_Cq/1719405715331-0.40473543968982995/tmp.tgz
368 http GET https://registry.npmjs.org/graceful-fs/-/graceful-fs-4.2.11.tgz
369 http 200 https://registry.npmjs.org/slash
370 silly registry.get cb [ 200,
370 silly registry.get   { date: 'Wed, 26 Jun 2024 12:41:55 GMT',
370 silly registry.get     'content-type': 'application/json',
370 silly registry.get     'content-length': '20337',
370 silly registry.get     connection: 'keep-alive',
370 silly registry.get     'cf-ray': '899d4638dee9f100-CDG',
370 silly registry.get     'cf-cache-status': 'HIT',
370 silly registry.get     'accept-ranges': 'bytes',
370 silly registry.get     'access-control-allow-origin': '*',
370 silly registry.get     age: '196',
370 silly registry.get     'cache-control': 'public, max-age=300',
370 silly registry.get     etag: '"81c1ea39132f522476d391ab29679a56"',
370 silly registry.get     'last-modified': 'Fri, 09 Jun 2023 21:55:10 GMT',
370 silly registry.get     vary: 'accept-encoding, accept',
370 silly registry.get     server: 'cloudflare' } ]
371 http 404 https://registry.npmjs.org/types/babel__core
372 silly registry.get cb [ 404,
372 silly registry.get   { date: 'Wed, 26 Jun 2024 12:41:55 GMT',
372 silly registry.get     'content-type': 'application/json',
372 silly registry.get     'content-length': '32',
372 silly registry.get     connection: 'keep-alive',
372 silly registry.get     'cf-ray': '899d4637cadc9ecc-CDG',
372 silly registry.get     'access-control-allow-origin': '*',
372 silly registry.get     server: 'cloudflare' } ]
373 http 404 https://registry.npmjs.org/jest/transform
374 silly registry.get cb [ 404,
374 silly registry.get   { date: 'Wed, 26 Jun 2024 12:41:55 GMT',
374 silly registry.get     'content-type': 'application/json',
374 silly registry.get     'content-length': '30',
374 silly registry.get     connection: 'keep-alive',
374 silly registry.get     'cf-ray': '899d4637ecc86f58-CDG',
374 silly registry.get     'access-control-allow-origin': '*',
374 silly registry.get     server: 'cloudflare' } ]
375 silly addNameRange number 2 { name: 'slash', range: '>=3.0.0-0 <4.0.0-0', hasData: true }
376 silly addNameRange versions [ 'slash',
376 silly addNameRange   [ '0.1.0',
376 silly addNameRange     '0.1.1',
376 silly addNameRange     '0.1.3',
376 silly addNameRange     '1.0.0',
376 silly addNameRange     '2.0.0',
376 silly addNameRange     '3.0.0',
376 silly addNameRange     '4.0.0',
376 silly addNameRange     '5.0.0',
376 silly addNameRange     '5.0.1',
376 silly addNameRange     '5.1.0' ] ]
377 verbose addNamed [ 'slash', '3.0.0' ]
378 verbose addNamed [ '3.0.0', '3.0.0' ]
379 silly lockFile 923c90e5-slash-3-0-0 slash@3.0.0
380 verbose lock slash@3.0.0 /root/.npm/923c90e5-slash-3-0-0.lock
381 silly addNameRange number 2 { name: 'jest/transform',
381 silly addNameRange   range: '>=29.7.0-0 <30.0.0-0',
381 silly addNameRange   hasData: true }
382 silly addNameRange versions [ undefined, [] ]
383 error TypeError: Cannot read property 'latest' of undefined
383 error     at next (/usr/share/npm/lib/cache.js:687:35)
383 error     at /usr/share/npm/lib/cache.js:675:5
383 error     at saved (/usr/share/npm/node_modules/npm-registry-client/lib/get.js:142:7)
383 error     at /usr/lib/nodejs/graceful-fs/polyfills.js:133:7
383 error     at Object.oncomplete (fs.js:107:15)
384 error If you need help, you may report this log at:
384 error     <http://github.com/isaacs/npm/issues>
384 error or email it to:
384 error     <npm-@googlegroups.com>
385 error System Linux 3.13.0-170-generic
386 error command "/usr/bin/nodejs" "/usr/bin/npm" "install" "--save-dev" "babel-jest" "regenerator-runtime"
387 error cwd /vagrant/git/m2i
388 error node -v v0.10.25
389 error npm -v 1.3.10
390 error type non_object_property_load
391 verbose exit [ 1, true ]
